<?xml version="1.0" encoding="UTF-8"?>
<!-- Generated by org.testng.reporters.JUnitReportReporter -->
<testsuite hostname="DESKTOP-34UUCH5" failures="0" tests="1" name="test.AddCustomerTest" time="28.656" errors="0" timestamp="08 Jun 2024 14:14:26 GMT" skipped="0">
  <testcase classname="test.AddCustomerTest" name="userShouldBeAbleToCreateNewCustomer" time="28.656"/>
</testsuite> <!-- test.AddCustomerTest -->
