<?xml version="1.0" encoding="UTF-8"?>
<!-- Generated by org.testng.reporters.JUnitReportReporter -->
<testsuite hostname="DESKTOP-34UUCH5" failures="0" tests="1" name="test.LoginTest" time="16.020" errors="0" timestamp="03 Jul 2024 21:53:00 GMT" skipped="0">
  <testcase classname="test.LoginTest" name="validUserShouldBeAbleToLogin" time="16.020"/>
</testsuite> <!-- test.LoginTest -->
