<?xml version="1.0" encoding="UTF-8"?>
<!-- Generated by org.testng.reporters.JUnitReportReporter -->
<testsuite hostname="DESKTOP-34UUCH5" failures="0" tests="1" name="test.AddCustomerTest" time="26.314" errors="0" timestamp="06 Jun 2024 07:16:13 GMT" skipped="0">
  <testcase classname="test.AddCustomerTest" name="userShouldBeAbleToCreateNewCustomer" time="26.314"/>
</testsuite> <!-- test.AddCustomerTest -->
