<?xml version="1.0" encoding="UTF-8"?>
<!-- Generated by org.testng.reporters.JUnitReportReporter -->
<testsuite hostname="DESKTOP-34UUCH5" failures="0" tests="1" name="test.LoginTest" time="13.676" errors="0" timestamp="06 Jun 2024 05:29:15 GMT" skipped="0">
  <testcase classname="test.LoginTest" name="validUserShouldBeAbleToLogin" time="13.676"/>
</testsuite> <!-- test.LoginTest -->
