<?xml version="1.0" encoding="UTF-8"?>
<!-- Generated by org.testng.reporters.JUnitReportReporter -->
<testsuite hostname="DESKTOP-34UUCH5" failures="0" tests="1" name="test.LoginTest" time="13.256" errors="0" timestamp="03 Jul 2024 22:07:36 GMT" skipped="0">
  <testcase classname="test.LoginTest" name="validUserShouldBeAbleToLogin" time="13.256"/>
</testsuite> <!-- test.LoginTest -->
